2018-11-30 14:32:21.746 - INFO  [  restartedMain] o.s.b.StartupInfoLogger        : Starting ProviderApplication on BH115-20161017K with PID 2668 (E:\IdeaProjects\mahm\mahm-web\target\classes started by Administrator in E:\IdeaProjects\mahm)
2018-11-30 14:32:21.804 - INFO  [  restartedMain] o.s.b.SpringApplication        : The following profiles are active: dev
2018-11-30 14:32:21.989 - INFO  [  restartedMain] o.s.b.l.DeferredLog            : Devtools property defaults active! Set 'spring.devtools.add-properties' to 'false' to disable
2018-11-30 14:32:21.990 - INFO  [  restartedMain] o.s.b.l.DeferredLog            : For additional web related logging consider setting the 'logging.level.web' property to 'DEBUG'
2018-11-30 14:32:25.713 - INFO  [  restartedMain] egate$BeanPostProcessorChecker : Bean 'shiroConfig' of type [com.ccb.mahm.web.config.ShiroConfig$$EnhancerBySpringCGLIB$$443fa0c1] is not eligible for getting processed by all BeanPostProcessors (for example: not eligible for auto-proxying)
2018-11-30 14:32:26.037 - INFO  [  restartedMain] egate$BeanPostProcessorChecker : Bean 'mybatis-org.mybatis.spring.boot.autoconfigure.MybatisProperties' of type [org.mybatis.spring.boot.autoconfigure.MybatisProperties] is not eligible for getting processed by all BeanPostProcessors (for example: not eligible for auto-proxying)
2018-11-30 14:32:26.063 - INFO  [  restartedMain] egate$BeanPostProcessorChecker : Bean 'org.mybatis.spring.boot.autoconfigure.MybatisAutoConfiguration' of type [org.mybatis.spring.boot.autoconfigure.MybatisAutoConfiguration$$EnhancerBySpringCGLIB$$30cab7af] is not eligible for getting processed by all BeanPostProcessors (for example: not eligible for auto-proxying)
2018-11-30 14:32:26.072 - INFO  [  restartedMain] egate$BeanPostProcessorChecker : Bean 'com.alibaba.druid.spring.boot.autoconfigure.DruidDataSourceAutoConfigure' of type [com.alibaba.druid.spring.boot.autoconfigure.DruidDataSourceAutoConfigure$$EnhancerBySpringCGLIB$$17a25bf1] is not eligible for getting processed by all BeanPostProcessors (for example: not eligible for auto-proxying)
2018-11-30 14:32:26.079 - INFO  [  restartedMain] a.DruidDataSourceAutoConfigure : Init DruidDataSource
2018-11-30 14:32:26.350 - INFO  [  restartedMain] egate$BeanPostProcessorChecker : Bean 'spring.datasource-org.springframework.boot.autoconfigure.jdbc.DataSourceProperties' of type [org.springframework.boot.autoconfigure.jdbc.DataSourceProperties] is not eligible for getting processed by all BeanPostProcessors (for example: not eligible for auto-proxying)
2018-11-30 14:32:26.357 - INFO  [  restartedMain] egate$BeanPostProcessorChecker : Bean 'com.alibaba.druid.spring.boot.autoconfigure.stat.DruidFilterConfiguration' of type [com.alibaba.druid.spring.boot.autoconfigure.stat.DruidFilterConfiguration] is not eligible for getting processed by all BeanPostProcessors (for example: not eligible for auto-proxying)
2018-11-30 14:32:26.423 - INFO  [  restartedMain] egate$BeanPostProcessorChecker : Bean 'statFilter' of type [com.alibaba.druid.filter.stat.StatFilter] is not eligible for getting processed by all BeanPostProcessors (for example: not eligible for auto-proxying)
2018-11-30 14:32:27.117 - INFO  [  restartedMain] c.a.d.p.DruidDataSource        : {dataSource-1} inited
2018-11-30 14:32:27.118 - INFO  [  restartedMain] egate$BeanPostProcessorChecker : Bean 'dataSource' of type [com.alibaba.druid.spring.boot.autoconfigure.DruidDataSourceWrapper] is not eligible for getting processed by all BeanPostProcessors (for example: not eligible for auto-proxying)
2018-11-30 14:32:28.185 - INFO  [  restartedMain] egate$BeanPostProcessorChecker : Bean 'sqlSessionFactory' of type [org.apache.ibatis.session.defaults.DefaultSqlSessionFactory] is not eligible for getting processed by all BeanPostProcessors (for example: not eligible for auto-proxying)
2018-11-30 14:32:28.200 - INFO  [  restartedMain] egate$BeanPostProcessorChecker : Bean 'sqlSessionTemplate' of type [org.mybatis.spring.SqlSessionTemplate] is not eligible for getting processed by all BeanPostProcessors (for example: not eligible for auto-proxying)
2018-11-30 14:32:28.203 - INFO  [  restartedMain] egate$BeanPostProcessorChecker : Bean 'userMapper' of type [org.mybatis.spring.mapper.MapperFactoryBean] is not eligible for getting processed by all BeanPostProcessors (for example: not eligible for auto-proxying)
2018-11-30 14:32:28.207 - INFO  [  restartedMain] egate$BeanPostProcessorChecker : Bean 'userMapper' of type [com.sun.proxy.$Proxy82] is not eligible for getting processed by all BeanPostProcessors (for example: not eligible for auto-proxying)
2018-11-30 14:32:28.252 - INFO  [  restartedMain] egate$BeanPostProcessorChecker : Bean 'customRealm' of type [com.ccb.mahm.web.shiro.CustomRealm] is not eligible for getting processed by all BeanPostProcessors (for example: not eligible for auto-proxying)
2018-11-30 14:32:30.586 - INFO  [  restartedMain] egate$BeanPostProcessorChecker : Bean 'securityManager' of type [org.apache.shiro.web.mgt.DefaultWebSecurityManager] is not eligible for getting processed by all BeanPostProcessors (for example: not eligible for auto-proxying)
2018-11-30 14:32:30.766 - INFO  [  restartedMain] egate$BeanPostProcessorChecker : Bean 'org.springframework.transaction.annotation.ProxyTransactionManagementConfiguration' of type [org.springframework.transaction.annotation.ProxyTransactionManagementConfiguration$$EnhancerBySpringCGLIB$$fdf6667f] is not eligible for getting processed by all BeanPostProcessors (for example: not eligible for auto-proxying)
2018-11-30 14:32:30.864 - INFO  [  restartedMain] egate$BeanPostProcessorChecker : Bean 'authorizationAttributeSourceAdvisor' of type [org.apache.shiro.spring.security.interceptor.AuthorizationAttributeSourceAdvisor] is not eligible for getting processed by all BeanPostProcessors (for example: not eligible for auto-proxying)
2018-11-30 14:32:32.591 - INFO  [  restartedMain] o.s.b.w.e.t.TomcatWebServer    : Tomcat initialized with port(s): 8080 (http)
2018-11-30 14:32:32.676 - INFO  [  restartedMain] o.a.j.l.DirectJDKLog           : Initializing ProtocolHandler ["http-nio-8080"]
2018-11-30 14:32:32.695 - INFO  [  restartedMain] o.a.j.l.DirectJDKLog           : Starting service [Tomcat]
2018-11-30 14:32:32.698 - INFO  [  restartedMain] o.a.j.l.DirectJDKLog           : Starting Servlet Engine: Apache Tomcat/9.0.12
2018-11-30 14:32:32.965 - INFO  [  restartedMain] o.a.j.l.DirectJDKLog           : The APR based Apache Tomcat Native library which allows optimal performance in production environments was not found on the java.library.path: [C:\Program Files (x86)\Java\jdk1.8.0_102\bin;C:\Windows\Sun\Java\bin;C:\Windows\system32;C:\Windows;C:\ProgramData\Oracle\Java\javapath;C:\Program Files (x86)\Java\jdk1.8.0_102\bin;C:\Program Files (x86)\Java\jdk1.8.0_102\jre\bin;C:\Windows\system32;C:\Windows;C:\Windows\System32\Wbem;C:\Windows\System32\WindowsPowerShell\v1.0\;C:\Program Files\Microsoft\Web Platform Installer\;C:\Program Files (x86)\Microsoft ASP.NET\ASP.NET Web Pages\v1.0\;C:\Program Files (x86)\Windows Kits\8.0\Windows Performance Toolkit\;C:\Program Files\Microsoft SQL Server\110\Tools\Binn\;D:\Program Files\TortoiseSVN\bin;D:\apache-maven-3.5.0/bin;C:\Program Files (x86)\Common Files\Adobe\AGL;D:\Program Files\nodejs\;D:\Python\Python36\Scripts\;D:\Python\Python36\;C:\Users\Administrator\AppData\Roaming\npm;.;;.;;.]
2018-11-30 14:32:33.661 - INFO  [  restartedMain] o.a.j.l.DirectJDKLog           : Initializing Spring embedded WebApplicationContext
2018-11-30 14:32:33.662 - INFO  [  restartedMain] letWebServerApplicationContext : Root WebApplicationContext: initialization completed in 11672 ms
2018-11-30 14:32:33.980 - INFO  [  restartedMain] .b.w.s.ServletRegistrationBean : Servlet dispatcherServlet mapped to [/]
2018-11-30 14:32:33.983 - INFO  [  restartedMain] .b.w.s.ServletRegistrationBean : Servlet statViewServlet mapped to [/druid/*]
2018-11-30 14:32:34.015 - INFO  [  restartedMain] AbstractFilterRegistrationBean : Mapping filter: 'characterEncodingFilter' to: [/*]
2018-11-30 14:32:34.016 - INFO  [  restartedMain] AbstractFilterRegistrationBean : Mapping filter: 'hiddenHttpMethodFilter' to: [/*]
2018-11-30 14:32:34.017 - INFO  [  restartedMain] AbstractFilterRegistrationBean : Mapping filter: 'formContentFilter' to: [/*]
2018-11-30 14:32:34.017 - INFO  [  restartedMain] AbstractFilterRegistrationBean : Mapping filter: 'requestContextFilter' to: [/*]
2018-11-30 14:32:34.018 - INFO  [  restartedMain] AbstractFilterRegistrationBean : Mapping filter: 'webStatFilter' to urls: [/*]
2018-11-30 14:32:34.018 - INFO  [  restartedMain] AbstractFilterRegistrationBean : Mapping filter: 'factory' to: [/*]
2018-11-30 14:32:36.427 - INFO  [  restartedMain] edRequestMappingHandlerMapping : Mapped URL path [/v2/api-docs] onto method [public org.springframework.http.ResponseEntity<springfox.documentation.spring.web.json.Json> springfox.documentation.swagger2.web.Swagger2Controller.getDocumentation(java.lang.String,javax.servlet.http.HttpServletRequest)]
2018-11-30 14:32:37.036 - INFO  [  restartedMain] c.ExecutorConfigurationSupport : Initializing ExecutorService 'applicationTaskExecutor'
2018-11-30 14:32:37.330 - INFO  [  restartedMain] b.d.a.OptionalLiveReloadServer : LiveReload server is running on port 35729
2018-11-30 14:32:38.136 - INFO  [  restartedMain] cumentationPluginsBootstrapper : Context refreshed
2018-11-30 14:32:38.245 - INFO  [  restartedMain] cumentationPluginsBootstrapper : Found 1 custom documentation plugin(s)
2018-11-30 14:32:38.325 - INFO  [  restartedMain] w.s.ApiListingReferenceScanner : Scanning for api listing references
2018-11-30 14:32:39.305 - INFO  [  restartedMain] o.a.j.l.DirectJDKLog           : Starting ProtocolHandler ["http-nio-8080"]
2018-11-30 14:32:39.335 - INFO  [  restartedMain] o.a.j.l.DirectJDKLog           : Using a shared selector for servlet write/read
2018-11-30 14:32:39.418 - INFO  [  restartedMain] o.s.b.w.e.t.TomcatWebServer    : Tomcat started on port(s): 8080 (http) with context path ''
2018-11-30 14:32:39.430 - INFO  [  restartedMain] o.s.b.StartupInfoLogger        : Started ProviderApplication in 18.775 seconds (JVM running for 24.707)
